1662922822809	geckodriver	INFO	Listening on 127.0.0.1:57153
1662922823255	mozrunner::runner	INFO	Running command: "/snap/firefox/current/firefox.launcher" "--marionette" "--headless" "--remote-debugging-port" "45339" "--remote-allow-hosts" "localhost" "-no-remote" "-profile" "/tmp/rust_mozprofilexsq5mf"
*** You are running in headless mode.
Gtk-Message: 02:00:23.295: Failed to load module "appmenu-gtk-module"
Gtk-Message: 02:00:23.295: Failed to load module "canberra-gtk-module"
1662922823513	Marionette	INFO	Marionette enabled
1662922823516	Marionette	INFO	Listening on port 35797
WebDriver BiDi listening on ws://localhost:45339
Read port: 35797
1662922823591	RemoteAgent	WARN	TLS certificate errors will be ignored for this session
[GFX1-]: RenderCompositorSWGL failed mapping default framebuffer, no dt
console.warn: SearchSettings: "get: No settings file exists, new profile?" (new NotFoundError("Could not open the file at /tmp/rust_mozprofilexsq5mf/search.json.mozlz4", (void 0)))
Missing chrome or resource URL: resource://gre/modules/UpdateListener.sys.mjs
DevTools listening on ws://localhost:45339/devtools/browser/14c7a2c1-4af4-42ad-8f9e-660b7bde54e4
JavaScript warning: https://ajax.googleapis.com/ajax/libs/jquery/1.10.2/jquery.min.js, line 2: Using //@ to indicate sourceMappingURL pragmas is deprecated. Use //# instead
JavaScript error: https://aflt.market.yandex.ru/widget/script/api, line 4: Error: Element with id(marketWidget) not found in DOM!
JavaScript warning: https://yastatic.net/vas-bundles/644213/bundles-es2017/inpage.bundle.js, line 1: This error message will be blank when privacy.resistFingerprinting = true.  If it is really necessary, please add it to the whitelist in MediaError::GetMessage: 
JavaScript error: https://aflt.market.yandex.ru/widget/script/api, line 4: ChunkLoadError: Loading chunk 56 failed.
(error: https://yastatic.net/s3/market-static/affiliate/b08913d2be922c2ac870.chunk.js)
JavaScript warning: https://ajax.googleapis.com/ajax/libs/jquery/1.10.2/jquery.min.js, line 2: Using //@ to indicate sourceMappingURL pragmas is deprecated. Use //# instead
JavaScript error: https://aflt.market.yandex.ru/widget/script/api, line 4: Error: Element with id(marketWidget) not found in DOM!
1662902762754	Marionette	INFO	Stopped listening on port 35797
Missing chrome or resource URL: resource://gre/modules/UpdateListener.sys.mjs
console.error: "Error during quit-application-granted: [Exception... \"File error: Not found\"  nsresult: \"0x80520012 (NS_ERROR_FILE_NOT_FOUND)\"  location: \"JS frame :: resource:///modules/BrowserGlue.jsm :: _onQuitApplicationGranted/tasks< :: line 2013\"  data: no]"
1662922844627	geckodriver	INFO	Listening on 127.0.0.1:33759
1662922845065	mozrunner::runner	INFO	Running command: "/snap/firefox/current/firefox.launcher" "--marionette" "--headless" "--remote-debugging-port" "53011" "--remote-allow-hosts" "localhost" "-no-remote" "-profile" "/tmp/rust_mozprofilerhPmO3"
*** You are running in headless mode.
Gtk-Message: 02:00:45.084: Failed to load module "appmenu-gtk-module"
Gtk-Message: 02:00:45.085: Failed to load module "canberra-gtk-module"
1662922845304	Marionette	INFO	Marionette enabled
1662922845307	Marionette	INFO	Listening on port 42075
WebDriver BiDi listening on ws://localhost:53011
Read port: 42075
1662922845499	RemoteAgent	WARN	TLS certificate errors will be ignored for this session
[GFX1-]: RenderCompositorSWGL failed mapping default framebuffer, no dt
console.warn: SearchSettings: "get: No settings file exists, new profile?" (new NotFoundError("Could not open the file at /tmp/rust_mozprofilerhPmO3/search.json.mozlz4", (void 0)))
Missing chrome or resource URL: resource://gre/modules/UpdateListener.sys.mjs
DevTools listening on ws://localhost:53011/devtools/browser/3d847017-0788-4217-81dd-66bc5cf79ce0
JavaScript warning: https://ajax.googleapis.com/ajax/libs/jquery/1.10.2/jquery.min.js, line 2: Using //@ to indicate sourceMappingURL pragmas is deprecated. Use //# instead
JavaScript error: https://aflt.market.yandex.ru/widget/script/api, line 4: Error: Element with id(marketWidget) not found in DOM!
JavaScript error: https://aflt.market.yandex.ru/widget/script/api, line 4: ChunkLoadError: Loading chunk 58 failed.
(error: https://yastatic.net/s3/market-static/affiliate/d8bccaceb0ee259ec273.chunk.js)
JavaScript warning: https://ajax.googleapis.com/ajax/libs/jquery/1.10.2/jquery.min.js, line 2: Using //@ to indicate sourceMappingURL pragmas is deprecated. Use //# instead
JavaScript error: https://aflt.market.yandex.ru/widget/script/api, line 4: Error: Element with id(marketWidget) not found in DOM!
1662922876165	Marionette	INFO	Stopped listening on port 42075
Missing chrome or resource URL: resource://gre/modules/UpdateListener.sys.mjs
console.error: "Error during quit-application-granted: [Exception... \"File error: Not found\"  nsresult: \"0x80520012 (NS_ERROR_FILE_NOT_FOUND)\"  location: \"JS frame :: resource:///modules/BrowserGlue.jsm :: _onQuitApplicationGranted/tasks< :: line 2013\"  data: no]"
Sandbox: Unexpected EOF, op 0 flags 00 path /proc/cpuinfo
1662922842828	geckodriver	INFO	Listening on 127.0.0.1:50609
1662922843263	mozrunner::runner	INFO	Running command: "/snap/firefox/current/firefox.launcher" "--marionette" "--headless" "--remote-debugging-port" "39403" "--remote-allow-hosts" "localhost" "-no-remote" "-profile" "/tmp/rust_mozprofilevKOeWQ"
*** You are running in headless mode.
Gtk-Message: 02:00:43.297: Failed to load module "appmenu-gtk-module"
Gtk-Message: 02:00:43.297: Failed to load module "canberra-gtk-module"
1662922843504	Marionette	INFO	Marionette enabled
1662922843506	Marionette	INFO	Listening on port 36331
WebDriver BiDi listening on ws://localhost:39403
Read port: 36331
1662922843657	RemoteAgent	WARN	TLS certificate errors will be ignored for this session
[GFX1-]: RenderCompositorSWGL failed mapping default framebuffer, no dt
console.warn: SearchSettings: "get: No settings file exists, new profile?" (new NotFoundError("Could not open the file at /tmp/rust_mozprofilevKOeWQ/search.json.mozlz4", (void 0)))
Missing chrome or resource URL: resource://gre/modules/UpdateListener.sys.mjs
DevTools listening on ws://localhost:39403/devtools/browser/f7168dfa-7c01-4500-ab2c-530322f2a09f
JavaScript warning: https://ajax.googleapis.com/ajax/libs/jquery/1.10.2/jquery.min.js, line 2: Using //@ to indicate sourceMappingURL pragmas is deprecated. Use //# instead
JavaScript error: https://aflt.market.yandex.ru/widget/script/api, line 4: Error: Element with id(marketWidget) not found in DOM!
JavaScript error: https://aflt.market.yandex.ru/widget/script/api, line 4: ChunkLoadError: Loading chunk 56 failed.
(error: https://yastatic.net/s3/market-static/affiliate/b08913d2be922c2ac870.chunk.js)
JavaScript warning: https://ajax.googleapis.com/ajax/libs/jquery/1.10.2/jquery.min.js, line 2: Using //@ to indicate sourceMappingURL pragmas is deprecated. Use //# instead
JavaScript error: https://aflt.market.yandex.ru/widget/script/api, line 4: Error: Element with id(marketWidget) not found in DOM!
1662922871249	Marionette	INFO	Stopped listening on port 36331
Missing chrome or resource URL: resource://gre/modules/UpdateListener.sys.mjs
console.error: "Error during quit-application-granted: [Exception... \"File error: Not found\"  nsresult: \"0x80520012 (NS_ERROR_FILE_NOT_FOUND)\"  location: \"JS frame :: resource:///modules/BrowserGlue.jsm :: _onQuitApplicationGranted/tasks< :: line 2013\"  data: no]"
1662968724775	geckodriver	INFO	Listening on 127.0.0.1:53653
1662968725236	mozrunner::runner	INFO	Running command: "/snap/firefox/current/firefox.launcher" "--marionette" "--headless" "--remote-debugging-port" "58321" "--remote-allow-hosts" "localhost" "-no-remote" "-profile" "/tmp/rust_mozprofileSPMotj"
*** You are running in headless mode.
Gtk-Message: 14:45:25.269: Failed to load module "appmenu-gtk-module"
Gtk-Message: 14:45:25.270: Failed to load module "canberra-gtk-module"
1662968725496	Marionette	INFO	Marionette enabled
1662968725498	Marionette	INFO	Listening on port 41349
WebDriver BiDi listening on ws://localhost:58321
Read port: 41349
1662968725574	RemoteAgent	WARN	TLS certificate errors will be ignored for this session
[GFX1-]: RenderCompositorSWGL failed mapping default framebuffer, no dt
console.warn: SearchSettings: "get: No settings file exists, new profile?" (new NotFoundError("Could not open the file at /tmp/rust_mozprofileSPMotj/search.json.mozlz4", (void 0)))
Missing chrome or resource URL: resource://gre/modules/UpdateListener.sys.mjs
DevTools listening on ws://localhost:58321/devtools/browser/a9924ad9-cf31-4833-8788-ae0710dc5396
JavaScript warning: https://ajax.googleapis.com/ajax/libs/jquery/1.10.2/jquery.min.js, line 2: Using //@ to indicate sourceMappingURL pragmas is deprecated. Use //# instead
JavaScript error: https://aflt.market.yandex.ru/widget/script/api, line 4: Error: Element with id(marketWidget) not found in DOM!
JavaScript error: https://aflt.market.yandex.ru/widget/script/api, line 4: ChunkLoadError: Loading chunk 56 failed.
(error: https://yastatic.net/s3/market-static/affiliate/b08913d2be922c2ac870.chunk.js)
JavaScript warning: https://ajax.googleapis.com/ajax/libs/jquery/1.10.2/jquery.min.js, line 2: Using //@ to indicate sourceMappingURL pragmas is deprecated. Use //# instead
JavaScript error: https://aflt.market.yandex.ru/widget/script/api, line 4: Error: Element with id(marketWidget) not found in DOM!
1662968751616	Marionette	INFO	Stopped listening on port 41349
Missing chrome or resource URL: resource://gre/modules/UpdateListener.sys.mjs
console.error: "Error during quit-application-granted: [Exception... \"File error: Not found\"  nsresult: \"0x80520012 (NS_ERROR_FILE_NOT_FOUND)\"  location: \"JS frame :: resource:///modules/BrowserGlue.jsm :: _onQuitApplicationGranted/tasks< :: line 2013\"  data: no]"
1662969024792	geckodriver	INFO	Listening on 127.0.0.1:34425
1662969025241	mozrunner::runner	INFO	Running command: "/snap/firefox/current/firefox.launcher" "--marionette" "--headless" "--remote-debugging-port" "42373" "--remote-allow-hosts" "localhost" "-no-remote" "-profile" "/tmp/rust_mozprofileGXWRgw"
*** You are running in headless mode.
Gtk-Message: 14:50:25.287: Failed to load module "appmenu-gtk-module"
Gtk-Message: 14:50:25.288: Failed to load module "canberra-gtk-module"
1662969025583	Marionette	INFO	Marionette enabled
1662969025587	Marionette	INFO	Listening on port 45529
WebDriver BiDi listening on ws://localhost:42373
Read port: 45529
1662969025679	RemoteAgent	WARN	TLS certificate errors will be ignored for this session
[GFX1-]: RenderCompositorSWGL failed mapping default framebuffer, no dt
console.warn: SearchSettings: "get: No settings file exists, new profile?" (new NotFoundError("Could not open the file at /tmp/rust_mozprofileGXWRgw/search.json.mozlz4", (void 0)))
Missing chrome or resource URL: resource://gre/modules/UpdateListener.sys.mjs
DevTools listening on ws://localhost:42373/devtools/browser/6c3da638-b928-45cf-b0a7-fbd85265683f
JavaScript warning: https://ajax.googleapis.com/ajax/libs/jquery/1.10.2/jquery.min.js, line 2: Using //@ to indicate sourceMappingURL pragmas is deprecated. Use //# instead
JavaScript error: https://aflt.market.yandex.ru/widget/script/api, line 4: Error: Element with id(marketWidget) not found in DOM!
JavaScript error: https://aflt.market.yandex.ru/widget/script/api, line 4: ChunkLoadError: Loading chunk 56 failed.
(error: https://yastatic.net/s3/market-static/affiliate/b08913d2be922c2ac870.chunk.js)
JavaScript warning: https://ajax.googleapis.com/ajax/libs/jquery/1.10.2/jquery.min.js, line 2: Using //@ to indicate sourceMappingURL pragmas is deprecated. Use //# instead
JavaScript error: https://aflt.market.yandex.ru/widget/script/api, line 4: Error: Element with id(marketWidget) not found in DOM!
1662969055417	Marionette	INFO	Stopped listening on port 45529
Missing chrome or resource URL: resource://gre/modules/UpdateListener.sys.mjs
console.error: "Error during quit-application-granted: [Exception... \"File error: Not found\"  nsresult: \"0x80520012 (NS_ERROR_FILE_NOT_FOUND)\"  location: \"JS frame :: resource:///modules/BrowserGlue.jsm :: _onQuitApplicationGranted/tasks< :: line 2013\"  data: no]"
Sandbox: Unexpected EOF, op 0 flags 00 path /proc/cpuinfo
1663150993519	geckodriver	INFO	Listening on 127.0.0.1:48437
1663150994023	mozrunner::runner	INFO	Running command: "/usr/bin/firefox" "--marionette" "--headless" "--remote-debugging-port" "39137" "--remote-allow-hosts" "localhost" "-no-remote" "-profile" "/tmp/rust_mozprofileAAOI7z"
*** You are running in headless mode.
1663150994769	Marionette	INFO	Marionette enabled
1663150994780	Marionette	INFO	Listening on port 35793
WebDriver BiDi listening on ws://localhost:39137
Read port: 35793
1663150994993	RemoteAgent	WARN	TLS certificate errors will be ignored for this session
[GFX1-]: RenderCompositorSWGL failed mapping default framebuffer, no dt
console.warn: SearchSettings: "get: No settings file exists, new profile?" (new NotFoundError("Could not open the file at /tmp/rust_mozprofileAAOI7z/search.json.mozlz4", (void 0)))
Missing chrome or resource URL: resource://gre/modules/UpdateListener.sys.mjs
DevTools listening on ws://localhost:39137/devtools/browser/dcfa4605-53f7-44ff-9004-15c0f9ab8545
JavaScript warning: https://ajax.googleapis.com/ajax/libs/jquery/1.10.2/jquery.min.js, line 2: Using //@ to indicate sourceMappingURL pragmas is deprecated. Use //# instead
JavaScript error: https://aflt.market.yandex.ru/widget/script/api, line 4: Error: Element with id(marketWidget) not found in DOM!
Exiting due to channel error.
Exiting due to channel error.
Exiting due to channel error.
1663151130289	geckodriver	INFO	Listening on 127.0.0.1:35051
1663151130301	mozrunner::runner	INFO	Running command: "/usr/bin/firefox" "--marionette" "--headless" "--remote-debugging-port" "59385" "--remote-allow-hosts" "localhost" "-no-remote" "-profile" "/tmp/rust_mozprofileOkzaXS"
*** You are running in headless mode.
1663151131051	Marionette	INFO	Marionette enabled
1663151131062	Marionette	INFO	Listening on port 36649
WebDriver BiDi listening on ws://localhost:59385
Read port: 36649
1663151131282	RemoteAgent	WARN	TLS certificate errors will be ignored for this session
[GFX1-]: RenderCompositorSWGL failed mapping default framebuffer, no dt
console.warn: SearchSettings: "get: No settings file exists, new profile?" (new NotFoundError("Could not open the file at /tmp/rust_mozprofileOkzaXS/search.json.mozlz4", (void 0)))
Missing chrome or resource URL: resource://gre/modules/UpdateListener.sys.mjs
DevTools listening on ws://localhost:59385/devtools/browser/42d2ba73-0074-49f4-8285-a8d72e2084ee
JavaScript warning: https://ajax.googleapis.com/ajax/libs/jquery/1.10.2/jquery.min.js, line 2: Using //@ to indicate sourceMappingURL pragmas is deprecated. Use //# instead
JavaScript error: https://aflt.market.yandex.ru/widget/script/api, line 4: Error: Element with id(marketWidget) not found in DOM!
JavaScript error: https://aflt.market.yandex.ru/widget/script/api, line 4: ChunkLoadError: Loading chunk 56 failed.
(error: https://yastatic.net/s3/market-static/affiliate/b08913d2be922c2ac870.chunk.js)
JavaScript warning: https://ajax.googleapis.com/ajax/libs/jquery/1.10.2/jquery.min.js, line 2: Using //@ to indicate sourceMappingURL pragmas is deprecated. Use //# instead
JavaScript error: https://aflt.market.yandex.ru/widget/script/api, line 4: Error: Element with id(marketWidget) not found in DOM!
1663151165526	Marionette	INFO	Stopped listening on port 36649
Missing chrome or resource URL: resource://gre/modules/UpdateListener.sys.mjs
console.error: "Error during quit-application-granted: [Exception... \"File error: Not found\"  nsresult: \"0x80520012 (NS_ERROR_FILE_NOT_FOUND)\"  location: \"JS frame :: resource:///modules/BrowserGlue.jsm :: _onQuitApplicationGranted/tasks< :: line 2013\"  data: no]"
1663151311425	geckodriver	INFO	Listening on 127.0.0.1:57247
1663151311439	mozrunner::runner	INFO	Running command: "/usr/bin/firefox" "--marionette" "--headless" "--remote-debugging-port" "34401" "--remote-allow-hosts" "localhost" "-no-remote" "-profile" "/tmp/rust_mozprofilemZS5Ox"
*** You are running in headless mode.
1663151312225	Marionette	INFO	Marionette enabled
1663151312236	Marionette	INFO	Listening on port 33757
Read port: 33757
WebDriver BiDi listening on ws://localhost:34401
1663151312450	RemoteAgent	WARN	TLS certificate errors will be ignored for this session
[GFX1-]: RenderCompositorSWGL failed mapping default framebuffer, no dt
console.warn: SearchSettings: "get: No settings file exists, new profile?" (new NotFoundError("Could not open the file at /tmp/rust_mozprofilemZS5Ox/search.json.mozlz4", (void 0)))
Missing chrome or resource URL: resource://gre/modules/UpdateListener.sys.mjs
DevTools listening on ws://localhost:34401/devtools/browser/8002f349-56dd-44a0-8abc-455360f95e57
JavaScript warning: https://ajax.googleapis.com/ajax/libs/jquery/1.10.2/jquery.min.js, line 2: Using //@ to indicate sourceMappingURL pragmas is deprecated. Use //# instead
JavaScript error: https://aflt.market.yandex.ru/widget/script/api, line 4: Error: Element with id(marketWidget) not found in DOM!
JavaScript error: https://aflt.market.yandex.ru/widget/script/api, line 4: ChunkLoadError: Loading chunk 56 failed.
(error: https://yastatic.net/s3/market-static/affiliate/b08913d2be922c2ac870.chunk.js)
JavaScript warning: https://ajax.googleapis.com/ajax/libs/jquery/1.10.2/jquery.min.js, line 2: Using //@ to indicate sourceMappingURL pragmas is deprecated. Use //# instead
JavaScript error: https://aflt.market.yandex.ru/widget/script/api, line 4: Error: Element with id(marketWidget) not found in DOM!
1663151344726	Marionette	INFO	Stopped listening on port 33757
Missing chrome or resource URL: resource://gre/modules/UpdateListener.sys.mjs
console.error: "Error during quit-application-granted: [Exception... \"File error: Not found\"  nsresult: \"0x80520012 (NS_ERROR_FILE_NOT_FOUND)\"  location: \"JS frame :: resource:///modules/BrowserGlue.jsm :: _onQuitApplicationGranted/tasks< :: line 2013\"  data: no]"
1663151589987	geckodriver	INFO	Listening on 127.0.0.1:58967
1663151590501	mozrunner::runner	INFO	Running command: "/usr/bin/firefox" "--marionette" "--headless" "--remote-debugging-port" "58089" "--remote-allow-hosts" "localhost" "-no-remote" "-profile" "/tmp/rust_mozprofileWbu91N"
*** You are running in headless mode.
1663151591248	Marionette	INFO	Marionette enabled
1663151591258	Marionette	INFO	Listening on port 35497
WebDriver BiDi listening on ws://localhost:58089
Read port: 35497
1663151591478	RemoteAgent	WARN	TLS certificate errors will be ignored for this session
[GFX1-]: RenderCompositorSWGL failed mapping default framebuffer, no dt
console.warn: SearchSettings: "get: No settings file exists, new profile?" (new NotFoundError("Could not open the file at /tmp/rust_mozprofileWbu91N/search.json.mozlz4", (void 0)))
Missing chrome or resource URL: resource://gre/modules/UpdateListener.sys.mjs
DevTools listening on ws://localhost:58089/devtools/browser/593de0dd-53bb-4cea-8bfe-c273f7bf0672
JavaScript warning: https://ajax.googleapis.com/ajax/libs/jquery/1.10.2/jquery.min.js, line 2: Using //@ to indicate sourceMappingURL pragmas is deprecated. Use //# instead
JavaScript error: https://aflt.market.yandex.ru/widget/script/api, line 4: Error: Element with id(marketWidget) not found in DOM!
JavaScript error: https://aflt.market.yandex.ru/widget/script/api, line 4: ChunkLoadError: Loading chunk 56 failed.
(error: https://yastatic.net/s3/market-static/affiliate/b08913d2be922c2ac870.chunk.js)
JavaScript warning: https://ajax.googleapis.com/ajax/libs/jquery/1.10.2/jquery.min.js, line 2: Using //@ to indicate sourceMappingURL pragmas is deprecated. Use //# instead
JavaScript error: https://aflt.market.yandex.ru/widget/script/api, line 4: Error: Element with id(marketWidget) not found in DOM!
1663151623836	Marionette	INFO	Stopped listening on port 35497
Missing chrome or resource URL: resource://gre/modules/UpdateListener.sys.mjs
console.error: "Error during quit-application-granted: [Exception... \"File error: Not found\"  nsresult: \"0x80520012 (NS_ERROR_FILE_NOT_FOUND)\"  location: \"JS frame :: resource:///modules/BrowserGlue.jsm :: _onQuitApplicationGranted/tasks< :: line 2013\"  data: no]"
1663151747965	geckodriver	INFO	Listening on 127.0.0.1:45491
1663151747977	mozrunner::runner	INFO	Running command: "/usr/bin/firefox" "--marionette" "--headless" "--remote-debugging-port" "55011" "--remote-allow-hosts" "localhost" "-no-remote" "-profile" "/tmp/rust_mozprofileHUvnH0"
*** You are running in headless mode.
1663151748737	Marionette	INFO	Marionette enabled
1663151748747	Marionette	INFO	Listening on port 36917
WebDriver BiDi listening on ws://localhost:55011
Read port: 36917
1663151748965	RemoteAgent	WARN	TLS certificate errors will be ignored for this session
[GFX1-]: RenderCompositorSWGL failed mapping default framebuffer, no dt
console.warn: SearchSettings: "get: No settings file exists, new profile?" (new NotFoundError("Could not open the file at /tmp/rust_mozprofileHUvnH0/search.json.mozlz4", (void 0)))
Missing chrome or resource URL: resource://gre/modules/UpdateListener.sys.mjs
DevTools listening on ws://localhost:55011/devtools/browser/5be2d53b-4dd8-479a-8cfc-e4b422c2b90f
JavaScript warning: https://ajax.googleapis.com/ajax/libs/jquery/1.10.2/jquery.min.js, line 2: Using //@ to indicate sourceMappingURL pragmas is deprecated. Use //# instead
JavaScript error: https://aflt.market.yandex.ru/widget/script/api, line 4: Error: Element with id(marketWidget) not found in DOM!
JavaScript error: https://aflt.market.yandex.ru/widget/script/api, line 4: ChunkLoadError: Loading chunk 56 failed.
(error: https://yastatic.net/s3/market-static/affiliate/b08913d2be922c2ac870.chunk.js)
JavaScript warning: https://ajax.googleapis.com/ajax/libs/jquery/1.10.2/jquery.min.js, line 2: Using //@ to indicate sourceMappingURL pragmas is deprecated. Use //# instead
JavaScript error: https://aflt.market.yandex.ru/widget/script/api, line 4: Error: Element with id(marketWidget) not found in DOM!
1663151780023	Marionette	INFO	Stopped listening on port 36917
Missing chrome or resource URL: resource://gre/modules/UpdateListener.sys.mjs
console.error: "Error during quit-application-granted: [Exception... \"File error: Not found\"  nsresult: \"0x80520012 (NS_ERROR_FILE_NOT_FOUND)\"  location: \"JS frame :: resource:///modules/BrowserGlue.jsm :: _onQuitApplicationGranted/tasks< :: line 2013\"  data: no]"
1663152793560	geckodriver	INFO	Listening on 127.0.0.1:42051
1663152794073	mozrunner::runner	INFO	Running command: "/usr/bin/firefox" "--marionette" "--headless" "--remote-debugging-port" "45487" "--remote-allow-hosts" "localhost" "-no-remote" "-profile" "/tmp/rust_mozprofilevXBpfk"
*** You are running in headless mode.
1663152794848	Marionette	INFO	Marionette enabled
1663152794859	Marionette	INFO	Listening on port 32921
WebDriver BiDi listening on ws://localhost:45487
Read port: 32921
1663152795079	RemoteAgent	WARN	TLS certificate errors will be ignored for this session
[GFX1-]: RenderCompositorSWGL failed mapping default framebuffer, no dt
console.warn: SearchSettings: "get: No settings file exists, new profile?" (new NotFoundError("Could not open the file at /tmp/rust_mozprofilevXBpfk/search.json.mozlz4", (void 0)))
Missing chrome or resource URL: resource://gre/modules/UpdateListener.sys.mjs
DevTools listening on ws://localhost:45487/devtools/browser/b888a887-3c7d-4b94-9ca6-ff7c0ddc4242
JavaScript warning: https://ajax.googleapis.com/ajax/libs/jquery/1.10.2/jquery.min.js, line 2: Using //@ to indicate sourceMappingURL pragmas is deprecated. Use //# instead
JavaScript error: https://aflt.market.yandex.ru/widget/script/api, line 4: Error: Element with id(marketWidget) not found in DOM!
JavaScript error: https://aflt.market.yandex.ru/widget/script/api, line 4: ChunkLoadError: Loading chunk 56 failed.
(error: https://yastatic.net/s3/market-static/affiliate/b08913d2be922c2ac870.chunk.js)
JavaScript warning: https://ajax.googleapis.com/ajax/libs/jquery/1.10.2/jquery.min.js, line 2: Using //@ to indicate sourceMappingURL pragmas is deprecated. Use //# instead
JavaScript error: https://aflt.market.yandex.ru/widget/script/api, line 4: Error: Element with id(marketWidget) not found in DOM!
1663152828026	Marionette	INFO	Stopped listening on port 32921
Missing chrome or resource URL: resource://gre/modules/UpdateListener.sys.mjs
console.error: "Error during quit-application-granted: [Exception... \"File error: Not found\"  nsresult: \"0x80520012 (NS_ERROR_FILE_NOT_FOUND)\"  location: \"JS frame :: resource:///modules/BrowserGlue.jsm :: _onQuitApplicationGranted/tasks< :: line 2013\"  data: no]"
update.go:85: cannot change mount namespace according to change mount (/var/lib/snapd/hostfs/usr/share/cups/doc-root /usr/share/cups/doc-root none bind,ro 0 0): cannot create directory "/usr/share/cups/doc-root": permission denied
update.go:85: cannot change mount namespace according to change mount (/var/lib/snapd/hostfs/usr/share/gimp/2.0/help /usr/share/gimp/2.0/help none bind,ro 0 0): cannot create directory "/usr/share/gimp/2.0": permission denied
update.go:85: cannot change mount namespace according to change mount (/var/lib/snapd/hostfs/usr/share/libreoffice/help /usr/share/libreoffice/help none bind,ro 0 0): cannot create directory "/usr/share/libreoffice/help": permission denied
update.go:85: cannot change mount namespace according to change mount (/var/lib/snapd/hostfs/usr/share/xubuntu-docs /usr/share/xubuntu-docs none bind,ro 0 0): cannot open directory "/var/lib": permission denied
1664211308217	geckodriver	INFO	Listening on 127.0.0.1:44409
1664211308530	mozrunner::runner	INFO	Running command: "/snap/firefox/current/firefox.launcher" "--marionette" "--headless" "--remote-debugging-port" "55745" "--remote-allow-hosts" "localhost" "-no-remote" "-profile" "/tmp/rust_mozprofilesJnuyx"
*** You are running in headless mode.
Gtk-Message: 23:55:08.564: Failed to load module "appmenu-gtk-module"
Gtk-Message: 23:55:08.565: Failed to load module "canberra-gtk-module"
[GFX1-]: glxtest: VA-API test failed: failed to initialise VAAPI connection.
1664211309135	Marionette	INFO	Marionette enabled
1664211309139	Marionette	INFO	Listening on port 44705
Read port: 44705
WebDriver BiDi listening on ws://127.0.0.1:55745
1664211309299	RemoteAgent	WARN	TLS certificate errors will be ignored for this session
[GFX1-]: RenderCompositorSWGL failed mapping default framebuffer, no dt
console.warn: SearchSettings: "get: No settings file exists, new profile?" (new NotFoundError("Could not open the file at /tmp/rust_mozprofilesJnuyx/search.json.mozlz4", (void 0)))
Missing chrome or resource URL: resource://gre/modules/UpdateListener.sys.mjs
DevTools listening on ws://127.0.0.1:55745/devtools/browser/f2548886-ca7e-4fd1-8270-3c5cacf3e7cd
JavaScript warning: https://ajax.googleapis.com/ajax/libs/jquery/1.10.2/jquery.min.js, line 2: Using //@ to indicate sourceMappingURL pragmas is deprecated. Use //# instead
JavaScript error: https://aflt.market.yandex.ru/widget/script/api, line 4: Error: Element with id(marketWidget) not found in DOM!
JavaScript error: https://aflt.market.yandex.ru/widget/script/api, line 4: ChunkLoadError: Loading chunk 58 failed.
(error: https://yastatic.net/s3/market-static/affiliate/d8bccaceb0ee259ec273.chunk.js)
JavaScript warning: https://ajax.googleapis.com/ajax/libs/jquery/1.10.2/jquery.min.js, line 2: Using //@ to indicate sourceMappingURL pragmas is deprecated. Use //# instead
JavaScript error: https://aflt.market.yandex.ru/widget/script/api, line 4: Error: Element with id(marketWidget) not found in DOM!
1664211339214	Marionette	INFO	Stopped listening on port 44705
Missing chrome or resource URL: resource://gre/modules/UpdateListener.sys.mjs
console.error: "Error during quit-application-granted: [Exception... \"File error: Not found\"  nsresult: \"0x80520012 (NS_ERROR_FILE_NOT_FOUND)\"  location: \"JS frame :: resource:///modules/BrowserGlue.jsm :: _onQuitApplicationGranted/tasks< :: line 2009\"  data: no]"
1664195249187	geckodriver	INFO	Listening on 127.0.0.1:50073
1664195249587	mozrunner::runner	INFO	Running command: "/snap/firefox/current/firefox.launcher" "--marionette" "--headless" "--remote-debugging-port" "42243" "--remote-allow-hosts" "localhost" "-no-remote" "-profile" "/tmp/rust_mozprofilemCBfn4"
*** You are running in headless mode.
Gtk-Message: 19:27:29.630: Failed to load module "appmenu-gtk-module"
Gtk-Message: 19:27:29.631: Failed to load module "canberra-gtk-module"
[GFX1-]: glxtest: VA-API test failed: failed to initialise VAAPI connection.
1664195249859	Marionette	INFO	Marionette enabled
1664195249862	Marionette	INFO	Listening on port 43757
Read port: 43757
WebDriver BiDi listening on ws://127.0.0.1:42243
1664195249932	RemoteAgent	WARN	TLS certificate errors will be ignored for this session
[GFX1-]: RenderCompositorSWGL failed mapping default framebuffer, no dt
console.warn: SearchSettings: "get: No settings file exists, new profile?" (new NotFoundError("Could not open the file at /tmp/rust_mozprofilemCBfn4/search.json.mozlz4", (void 0)))
Missing chrome or resource URL: resource://gre/modules/UpdateListener.sys.mjs
DevTools listening on ws://127.0.0.1:42243/devtools/browser/ae0e7b4d-70a3-45e3-9ec0-7d2515da4f8c
JavaScript warning: https://ajax.googleapis.com/ajax/libs/jquery/1.10.2/jquery.min.js, line 2: Using //@ to indicate sourceMappingURL pragmas is deprecated. Use //# instead
JavaScript error: https://aflt.market.yandex.ru/widget/script/api, line 4: Error: Element with id(marketWidget) not found in DOM!
JavaScript error: https://aflt.market.yandex.ru/widget/script/api, line 4: ChunkLoadError: Loading chunk 56 failed.
(error: https://yastatic.net/s3/market-static/affiliate/b08913d2be922c2ac870.chunk.js)
JavaScript warning: https://ajax.googleapis.com/ajax/libs/jquery/1.10.2/jquery.min.js, line 2: Using //@ to indicate sourceMappingURL pragmas is deprecated. Use //# instead
console.error: Region.jsm: "Error fetching region" (new Error("TIMEOUT", "resource://gre/modules/Region.jsm", 768))
console.error: Region.jsm: "Failed to fetch region" (new Error("TIMEOUT", "resource://gre/modules/Region.jsm", 420))
JavaScript error: https://aflt.market.yandex.ru/widget/script/api, line 4: Error: Element with id(marketWidget) not found in DOM!
1664195278131	Marionette	INFO	Stopped listening on port 43757
Missing chrome or resource URL: resource://gre/modules/UpdateListener.sys.mjs
console.error: "Error during quit-application-granted: [Exception... \"File error: Not found\"  nsresult: \"0x80520012 (NS_ERROR_FILE_NOT_FOUND)\"  location: \"JS frame :: resource:///modules/BrowserGlue.jsm :: _onQuitApplicationGranted/tasks< :: line 2009\"  data: no]"
Sandbox: Unexpected EOF, op 0 flags 00 path /proc/cpuinfo
1664195533834	geckodriver	INFO	Listening on 127.0.0.1:49835
1664195534228	mozrunner::runner	INFO	Running command: "/snap/firefox/current/firefox.launcher" "--marionette" "--headless" "--remote-debugging-port" "47993" "--remote-allow-hosts" "localhost" "-no-remote" "-profile" "/tmp/rust_mozprofileewVQIv"
*** You are running in headless mode.
Gtk-Message: 19:32:14.268: Failed to load module "appmenu-gtk-module"
Gtk-Message: 19:32:14.268: Failed to load module "canberra-gtk-module"
[GFX1-]: glxtest: VA-API test failed: failed to initialise VAAPI connection.
1664195534503	Marionette	INFO	Marionette enabled
1664195534506	Marionette	INFO	Listening on port 38697
Read port: 38697
WebDriver BiDi listening on ws://127.0.0.1:47993
1664195534578	RemoteAgent	WARN	TLS certificate errors will be ignored for this session
[GFX1-]: RenderCompositorSWGL failed mapping default framebuffer, no dt
console.warn: SearchSettings: "get: No settings file exists, new profile?" (new NotFoundError("Could not open the file at /tmp/rust_mozprofileewVQIv/search.json.mozlz4", (void 0)))
Missing chrome or resource URL: resource://gre/modules/UpdateListener.sys.mjs
DevTools listening on ws://127.0.0.1:47993/devtools/browser/84b0c2af-5b73-4b32-a021-719fe7e248f2
JavaScript warning: https://ajax.googleapis.com/ajax/libs/jquery/1.10.2/jquery.min.js, line 2: Using //@ to indicate sourceMappingURL pragmas is deprecated. Use //# instead
JavaScript error: https://aflt.market.yandex.ru/widget/script/api, line 4: Error: Element with id(marketWidget) not found in DOM!
JavaScript error: https://aflt.market.yandex.ru/widget/script/api, line 4: ChunkLoadError: Loading chunk 56 failed.
(error: https://yastatic.net/s3/market-static/affiliate/b08913d2be922c2ac870.chunk.js)
JavaScript warning: https://ajax.googleapis.com/ajax/libs/jquery/1.10.2/jquery.min.js, line 2: Using //@ to indicate sourceMappingURL pragmas is deprecated. Use //# instead
JavaScript error: https://aflt.market.yandex.ru/widget/script/api, line 4: Error: Element with id(marketWidget) not found in DOM!
1664195566001	Marionette	INFO	Stopped listening on port 38697
Missing chrome or resource URL: resource://gre/modules/UpdateListener.sys.mjs
console.error: "Error during quit-application-granted: [Exception... \"File error: Not found\"  nsresult: \"0x80520012 (NS_ERROR_FILE_NOT_FOUND)\"  location: \"JS frame :: resource:///modules/BrowserGlue.jsm :: _onQuitApplicationGranted/tasks< :: line 2009\"  data: no]"
1664195687057	geckodriver	INFO	Listening on 127.0.0.1:46015
1664195687493	mozrunner::runner	INFO	Running command: "/snap/firefox/current/firefox.launcher" "--marionette" "--headless" "--remote-debugging-port" "48177" "--remote-allow-hosts" "localhost" "-no-remote" "-profile" "/tmp/rust_mozprofiler9SkTh"
*** You are running in headless mode.
Gtk-Message: 19:34:47.512: Failed to load module "appmenu-gtk-module"
Gtk-Message: 19:34:47.512: Failed to load module "canberra-gtk-module"
[GFX1-]: glxtest: VA-API test failed: failed to initialise VAAPI connection.
1664195687757	Marionette	INFO	Marionette enabled
1664195687760	Marionette	INFO	Listening on port 43909
Read port: 43909
WebDriver BiDi listening on ws://127.0.0.1:48177
1664195687831	RemoteAgent	WARN	TLS certificate errors will be ignored for this session
[GFX1-]: RenderCompositorSWGL failed mapping default framebuffer, no dt
console.warn: SearchSettings: "get: No settings file exists, new profile?" (new NotFoundError("Could not open the file at /tmp/rust_mozprofiler9SkTh/search.json.mozlz4", (void 0)))
Missing chrome or resource URL: resource://gre/modules/UpdateListener.sys.mjs
DevTools listening on ws://127.0.0.1:48177/devtools/browser/214cd9a6-834b-4a30-9059-399a67dd3ae1
JavaScript warning: https://ajax.googleapis.com/ajax/libs/jquery/1.10.2/jquery.min.js, line 2: Using //@ to indicate sourceMappingURL pragmas is deprecated. Use //# instead
JavaScript error: https://aflt.market.yandex.ru/widget/script/api, line 4: Error: Element with id(marketWidget) not found in DOM!
JavaScript error: https://aflt.market.yandex.ru/widget/script/api, line 4: ChunkLoadError: Loading chunk 56 failed.
(error: https://yastatic.net/s3/market-static/affiliate/b08913d2be922c2ac870.chunk.js)
JavaScript warning: https://ajax.googleapis.com/ajax/libs/jquery/1.10.2/jquery.min.js, line 2: Using //@ to indicate sourceMappingURL pragmas is deprecated. Use //# instead
JavaScript error: https://aflt.market.yandex.ru/widget/script/api, line 4: Error: Element with id(marketWidget) not found in DOM!
1664195719888	Marionette	INFO	Stopped listening on port 43909
Missing chrome or resource URL: resource://gre/modules/UpdateListener.sys.mjs
console.error: "Error during quit-application-granted: [Exception... \"File error: Not found\"  nsresult: \"0x80520012 (NS_ERROR_FILE_NOT_FOUND)\"  location: \"JS frame :: resource:///modules/BrowserGlue.jsm :: _onQuitApplicationGranted/tasks< :: line 2009\"  data: no]"
Sandbox: Unexpected EOF, op 0 flags 00 path /proc/cpuinfo
1664195842751	geckodriver	INFO	Listening on 127.0.0.1:50909
1664195843176	mozrunner::runner	INFO	Running command: "/snap/firefox/current/firefox.launcher" "--marionette" "--headless" "--remote-debugging-port" "54183" "--remote-allow-hosts" "localhost" "-no-remote" "-profile" "/tmp/rust_mozprofilegbLVUo"
*** You are running in headless mode.
Gtk-Message: 19:37:23.221: Failed to load module "appmenu-gtk-module"
Gtk-Message: 19:37:23.222: Failed to load module "canberra-gtk-module"
[GFX1-]: glxtest: VA-API test failed: failed to initialise VAAPI connection.
1664195843450	Marionette	INFO	Marionette enabled
1664195843453	Marionette	INFO	Listening on port 44193
Read port: 44193
WebDriver BiDi listening on ws://127.0.0.1:54183
1664195843522	RemoteAgent	WARN	TLS certificate errors will be ignored for this session
[GFX1-]: RenderCompositorSWGL failed mapping default framebuffer, no dt
console.warn: SearchSettings: "get: No settings file exists, new profile?" (new NotFoundError("Could not open the file at /tmp/rust_mozprofilegbLVUo/search.json.mozlz4", (void 0)))
Missing chrome or resource URL: resource://gre/modules/UpdateListener.sys.mjs
DevTools listening on ws://127.0.0.1:54183/devtools/browser/0fce3feb-bdcd-4405-82ba-3a088bb7f409
JavaScript warning: https://ajax.googleapis.com/ajax/libs/jquery/1.10.2/jquery.min.js, line 2: Using //@ to indicate sourceMappingURL pragmas is deprecated. Use //# instead
JavaScript error: https://aflt.market.yandex.ru/widget/script/api, line 4: Error: Element with id(marketWidget) not found in DOM!
JavaScript error: https://aflt.market.yandex.ru/widget/script/api, line 4: ChunkLoadError: Loading chunk 58 failed.
(error: https://yastatic.net/s3/market-static/affiliate/d8bccaceb0ee259ec273.chunk.js)
JavaScript warning: https://ajax.googleapis.com/ajax/libs/jquery/1.10.2/jquery.min.js, line 2: Using //@ to indicate sourceMappingURL pragmas is deprecated. Use //# instead
JavaScript error: https://aflt.market.yandex.ru/widget/script/api, line 4: Error: Element with id(marketWidget) not found in DOM!
1664195874854	Marionette	INFO	Stopped listening on port 44193
Missing chrome or resource URL: resource://gre/modules/UpdateListener.sys.mjs
console.error: "Error during quit-application-granted: [Exception... \"File error: Not found\"  nsresult: \"0x80520012 (NS_ERROR_FILE_NOT_FOUND)\"  location: \"JS frame :: resource:///modules/BrowserGlue.jsm :: _onQuitApplicationGranted/tasks< :: line 2009\"  data: no]"
1664196176217	geckodriver	INFO	Listening on 127.0.0.1:33039
1664196176657	mozrunner::runner	INFO	Running command: "/snap/firefox/current/firefox.launcher" "--marionette" "--headless" "--remote-debugging-port" "33293" "--remote-allow-hosts" "localhost" "-no-remote" "-profile" "/tmp/rust_mozprofileX80rkS"
*** You are running in headless mode.
Gtk-Message: 19:42:56.700: Failed to load module "appmenu-gtk-module"
Gtk-Message: 19:42:56.701: Failed to load module "canberra-gtk-module"
[GFX1-]: glxtest: VA-API test failed: failed to initialise VAAPI connection.
1664196176943	Marionette	INFO	Marionette enabled
1664196176946	Marionette	INFO	Listening on port 45431
Read port: 45431
WebDriver BiDi listening on ws://127.0.0.1:33293
1664196177016	RemoteAgent	WARN	TLS certificate errors will be ignored for this session
[GFX1-]: RenderCompositorSWGL failed mapping default framebuffer, no dt
console.warn: SearchSettings: "get: No settings file exists, new profile?" (new NotFoundError("Could not open the file at /tmp/rust_mozprofileX80rkS/search.json.mozlz4", (void 0)))
Missing chrome or resource URL: resource://gre/modules/UpdateListener.sys.mjs
DevTools listening on ws://127.0.0.1:33293/devtools/browser/156bc9c3-e665-4c31-8d85-58e7c0419c2a
JavaScript warning: https://ajax.googleapis.com/ajax/libs/jquery/1.10.2/jquery.min.js, line 2: Using //@ to indicate sourceMappingURL pragmas is deprecated. Use //# instead
JavaScript error: https://aflt.market.yandex.ru/widget/script/api, line 4: Error: Element with id(marketWidget) not found in DOM!
JavaScript error: https://aflt.market.yandex.ru/widget/script/api, line 4: ChunkLoadError: Loading chunk 56 failed.
(error: https://yastatic.net/s3/market-static/affiliate/b08913d2be922c2ac870.chunk.js)
JavaScript warning: https://ajax.googleapis.com/ajax/libs/jquery/1.10.2/jquery.min.js, line 2: Using //@ to indicate sourceMappingURL pragmas is deprecated. Use //# instead
JavaScript error: https://aflt.market.yandex.ru/widget/script/api, line 4: Error: Element with id(marketWidget) not found in DOM!
1664196208195	Marionette	INFO	Stopped listening on port 45431
Missing chrome or resource URL: resource://gre/modules/UpdateListener.sys.mjs
console.error: "Error during quit-application-granted: [Exception... \"File error: Not found\"  nsresult: \"0x80520012 (NS_ERROR_FILE_NOT_FOUND)\"  location: \"JS frame :: resource:///modules/BrowserGlue.jsm :: _onQuitApplicationGranted/tasks< :: line 2009\"  data: no]"
Sandbox: Unexpected EOF, op 0 flags 00 path /proc/cpuinfo
1664127994902	geckodriver	INFO	Listening on 127.0.0.1:41329
1664127995337	mozrunner::runner	INFO	Running command: "/snap/firefox/current/firefox.launcher" "--marionette" "--headless" "--remote-debugging-port" "40473" "--remote-allow-hosts" "localhost" "-no-remote" "-profile" "/tmp/rust_mozprofile5lvKJL"
*** You are running in headless mode.
Gtk-Message: 00:46:35.380: Failed to load module "appmenu-gtk-module"
Gtk-Message: 00:46:35.380: Failed to load module "canberra-gtk-module"
[GFX1-]: glxtest: VA-API test failed: failed to initialise VAAPI connection.
1664127995612	Marionette	INFO	Marionette enabled
1664127995615	Marionette	INFO	Listening on port 44961
Read port: 44961
WebDriver BiDi listening on ws://127.0.0.1:40473
1664127995686	RemoteAgent	WARN	TLS certificate errors will be ignored for this session
[GFX1-]: RenderCompositorSWGL failed mapping default framebuffer, no dt
console.warn: SearchSettings: "get: No settings file exists, new profile?" (new NotFoundError("Could not open the file at /tmp/rust_mozprofile5lvKJL/search.json.mozlz4", (void 0)))
Missing chrome or resource URL: resource://gre/modules/UpdateListener.sys.mjs
DevTools listening on ws://127.0.0.1:40473/devtools/browser/653d7ab0-1b2c-47aa-8a47-0f0d9540d2a9
JavaScript warning: https://ajax.googleapis.com/ajax/libs/jquery/1.10.2/jquery.min.js, line 2: Using //@ to indicate sourceMappingURL pragmas is deprecated. Use //# instead
JavaScript error: https://aflt.market.yandex.ru/widget/script/api, line 4: Error: Element with id(marketWidget) not found in DOM!
JavaScript error: https://aflt.market.yandex.ru/widget/script/api, line 4: ChunkLoadError: Loading chunk 56 failed.
(error: https://yastatic.net/s3/market-static/affiliate/b08913d2be922c2ac870.chunk.js)
JavaScript warning: https://ajax.googleapis.com/ajax/libs/jquery/1.10.2/jquery.min.js, line 2: Using //@ to indicate sourceMappingURL pragmas is deprecated. Use //# instead
JavaScript error: https://aflt.market.yandex.ru/widget/script/api, line 4: Error: Element with id(marketWidget) not found in DOM!
1664128024391	Marionette	INFO	Stopped listening on port 44961
Missing chrome or resource URL: resource://gre/modules/UpdateListener.sys.mjs
console.error: "Error during quit-application-granted: [Exception... \"File error: Not found\"  nsresult: \"0x80520012 (NS_ERROR_FILE_NOT_FOUND)\"  location: \"JS frame :: resource:///modules/BrowserGlue.jsm :: _onQuitApplicationGranted/tasks< :: line 2009\"  data: no]"
Sandbox: Unexpected EOF, op 0 flags 00 path /proc/cpuinfo
1664214303895	geckodriver	INFO	Listening on 127.0.0.1:50547
1664214304333	mozrunner::runner	INFO	Running command: "/snap/firefox/current/firefox.launcher" "--marionette" "--headless" "--remote-debugging-port" "56771" "--remote-allow-hosts" "localhost" "-no-remote" "-profile" "/tmp/rust_mozprofile50WeFt"
*** You are running in headless mode.
Gtk-Message: 00:45:04.353: Failed to load module "appmenu-gtk-module"
Gtk-Message: 00:45:04.353: Failed to load module "canberra-gtk-module"
[GFX1-]: glxtest: VA-API test failed: failed to initialise VAAPI connection.
1664214304591	Marionette	INFO	Marionette enabled
1664214304594	Marionette	INFO	Listening on port 34395
Read port: 34395
WebDriver BiDi listening on ws://127.0.0.1:56771
1664214304690	RemoteAgent	WARN	TLS certificate errors will be ignored for this session
[GFX1-]: RenderCompositorSWGL failed mapping default framebuffer, no dt
console.warn: SearchSettings: "get: No settings file exists, new profile?" (new NotFoundError("Could not open the file at /tmp/rust_mozprofile50WeFt/search.json.mozlz4", (void 0)))
Missing chrome or resource URL: resource://gre/modules/UpdateListener.sys.mjs
DevTools listening on ws://127.0.0.1:56771/devtools/browser/46c01d80-5381-4b6a-a5cb-af774840fe8c
JavaScript warning: https://ajax.googleapis.com/ajax/libs/jquery/1.10.2/jquery.min.js, line 2: Using //@ to indicate sourceMappingURL pragmas is deprecated. Use //# instead
JavaScript error: https://aflt.market.yandex.ru/widget/script/api, line 4: Error: Element with id(marketWidget) not found in DOM!
JavaScript error: https://aflt.market.yandex.ru/widget/script/api, line 4: ChunkLoadError: Loading chunk 58 failed.
(error: https://yastatic.net/s3/market-static/affiliate/d8bccaceb0ee259ec273.chunk.js)
JavaScript warning: https://ajax.googleapis.com/ajax/libs/jquery/1.10.2/jquery.min.js, line 2: Using //@ to indicate sourceMappingURL pragmas is deprecated. Use //# instead
JavaScript error: https://aflt.market.yandex.ru/widget/script/api, line 4: Error: Element with id(marketWidget) not found in DOM!
1664214336192	Marionette	INFO	Stopped listening on port 34395
Missing chrome or resource URL: resource://gre/modules/UpdateListener.sys.mjs
console.error: "Error during quit-application-granted: [Exception... \"File error: Not found\"  nsresult: \"0x80520012 (NS_ERROR_FILE_NOT_FOUND)\"  location: \"JS frame :: resource:///modules/BrowserGlue.jsm :: _onQuitApplicationGranted/tasks< :: line 2009\"  data: no]"
1664204967027	geckodriver	INFO	Listening on 127.0.0.1:49245
1664204967477	mozrunner::runner	INFO	Running command: "/snap/firefox/current/firefox.launcher" "--marionette" "--headless" "--remote-debugging-port" "50823" "--remote-allow-hosts" "localhost" "-no-remote" "-profile" "/tmp/rust_mozprofilerxXeS4"
*** You are running in headless mode.
Gtk-Message: 22:09:27.501: Failed to load module "appmenu-gtk-module"
Gtk-Message: 22:09:27.502: Failed to load module "canberra-gtk-module"
[GFX1-]: glxtest: VA-API test failed: failed to initialise VAAPI connection.
1664204967736	Marionette	INFO	Marionette enabled
1664204967739	Marionette	INFO	Listening on port 39831
Read port: 39831
WebDriver BiDi listening on ws://127.0.0.1:50823
1664204967811	RemoteAgent	WARN	TLS certificate errors will be ignored for this session
[GFX1-]: RenderCompositorSWGL failed mapping default framebuffer, no dt
console.warn: SearchSettings: "get: No settings file exists, new profile?" (new NotFoundError("Could not open the file at /tmp/rust_mozprofilerxXeS4/search.json.mozlz4", (void 0)))
Missing chrome or resource URL: resource://gre/modules/UpdateListener.sys.mjs
DevTools listening on ws://127.0.0.1:50823/devtools/browser/dffc5e16-dfaa-4270-92e1-0b1d4eeb01fa
JavaScript warning: https://ajax.googleapis.com/ajax/libs/jquery/1.10.2/jquery.min.js, line 2: Using //@ to indicate sourceMappingURL pragmas is deprecated. Use //# instead
JavaScript error: https://aflt.market.yandex.ru/widget/script/api, line 4: Error: Element with id(marketWidget) not found in DOM!
JavaScript error: https://aflt.market.yandex.ru/widget/script/api, line 4: ChunkLoadError: Loading chunk 58 failed.
(error: https://yastatic.net/s3/market-static/affiliate/d8bccaceb0ee259ec273.chunk.js)
Exiting due to channel error.
Exiting due to channel error.
Exiting due to channel error.
1664205027886	geckodriver	INFO	Listening on 127.0.0.1:52897
1664205028314	mozrunner::runner	INFO	Running command: "/snap/firefox/current/firefox.launcher" "--marionette" "--headless" "--remote-debugging-port" "54039" "--remote-allow-hosts" "localhost" "-no-remote" "-profile" "/tmp/rust_mozprofileFvAeXI"
*** You are running in headless mode.
Gtk-Message: 22:10:28.359: Failed to load module "appmenu-gtk-module"
Gtk-Message: 22:10:28.360: Failed to load module "canberra-gtk-module"
[GFX1-]: glxtest: VA-API test failed: failed to initialise VAAPI connection.
1664205028619	Marionette	INFO	Marionette enabled
1664205028622	Marionette	INFO	Listening on port 42433
WebDriver BiDi listening on ws://127.0.0.1:54039
Read port: 42433
1664205028843	RemoteAgent	WARN	TLS certificate errors will be ignored for this session
[GFX1-]: RenderCompositorSWGL failed mapping default framebuffer, no dt
console.warn: SearchSettings: "get: No settings file exists, new profile?" (new NotFoundError("Could not open the file at /tmp/rust_mozprofileFvAeXI/search.json.mozlz4", (void 0)))
Missing chrome or resource URL: resource://gre/modules/UpdateListener.sys.mjs
DevTools listening on ws://127.0.0.1:54039/devtools/browser/301d367a-42e1-491b-957c-e3710f23a931
JavaScript warning: https://ajax.googleapis.com/ajax/libs/jquery/1.10.2/jquery.min.js, line 2: Using //@ to indicate sourceMappingURL pragmas is deprecated. Use //# instead
JavaScript error: https://aflt.market.yandex.ru/widget/script/api, line 4: Error: Element with id(marketWidget) not found in DOM!
JavaScript error: https://aflt.market.yandex.ru/widget/script/api, line 4: ChunkLoadError: Loading chunk 56 failed.
(error: https://yastatic.net/s3/market-static/affiliate/b08913d2be922c2ac870.chunk.js)
JavaScript warning: https://ajax.googleapis.com/ajax/libs/jquery/1.10.2/jquery.min.js, line 2: Using //@ to indicate sourceMappingURL pragmas is deprecated. Use //# instead
JavaScript error: https://aflt.market.yandex.ru/widget/script/api, line 4: Error: Element with id(marketWidget) not found in DOM!
1664205058785	Marionette	INFO	Stopped listening on port 42433
Missing chrome or resource URL: resource://gre/modules/UpdateListener.sys.mjs
console.error: "Error during quit-application-granted: [Exception... \"File error: Not found\"  nsresult: \"0x80520012 (NS_ERROR_FILE_NOT_FOUND)\"  location: \"JS frame :: resource:///modules/BrowserGlue.jsm :: _onQuitApplicationGranted/tasks< :: line 2009\"  data: no]"
1664368241162	geckodriver	INFO	Listening on 127.0.0.1:55043
1664368241631	mozrunner::runner	INFO	Running command: "/snap/firefox/current/firefox.launcher" "--marionette" "--headless" "--remote-debugging-port" "48607" "--remote-allow-hosts" "localhost" "-no-remote" "-profile" "/tmp/rust_mozprofileWuysiL"
*** You are running in headless mode.
Gtk-Message: 19:30:41.670: Failed to load module "appmenu-gtk-module"
Gtk-Message: 19:30:41.671: Failed to load module "canberra-gtk-module"
[GFX1-]: glxtest: VA-API test failed: failed to initialise VAAPI connection.
1664368241905	Marionette	INFO	Marionette enabled
1664368241907	Marionette	INFO	Listening on port 34489
Read port: 34489
WebDriver BiDi listening on ws://127.0.0.1:48607
1664368241977	RemoteAgent	WARN	TLS certificate errors will be ignored for this session
[GFX1-]: RenderCompositorSWGL failed mapping default framebuffer, no dt
console.warn: SearchSettings: "get: No settings file exists, new profile?" (new NotFoundError("Could not open the file at /tmp/rust_mozprofileWuysiL/search.json.mozlz4", (void 0)))
Missing chrome or resource URL: resource://gre/modules/UpdateListener.sys.mjs
DevTools listening on ws://127.0.0.1:48607/devtools/browser/494a816e-c6de-4cd4-bb62-d4c5e9cadd46
JavaScript warning: https://ajax.googleapis.com/ajax/libs/jquery/1.10.2/jquery.min.js, line 2: Using //@ to indicate sourceMappingURL pragmas is deprecated. Use //# instead
JavaScript error: https://aflt.market.yandex.ru/widget/script/api, line 4: Error: Element with id(marketWidget) not found in DOM!
JavaScript error: https://aflt.market.yandex.ru/widget/script/api, line 4: ChunkLoadError: Loading chunk 56 failed.
(error: https://yastatic.net/s3/market-static/affiliate/b08913d2be922c2ac870.chunk.js)
JavaScript warning: https://ajax.googleapis.com/ajax/libs/jquery/1.10.2/jquery.min.js, line 2: Using //@ to indicate sourceMappingURL pragmas is deprecated. Use //# instead
JavaScript error: https://aflt.market.yandex.ru/widget/script/api, line 4: Error: Element with id(marketWidget) not found in DOM!
Exiting due to channel error.
Exiting due to channel error.
Exiting due to channel error.
1664281889470	geckodriver	INFO	Listening on 127.0.0.1:43525
1664281889922	mozrunner::runner	INFO	Running command: "/snap/firefox/current/firefox.launcher" "--marionette" "--headless" "--remote-debugging-port" "57681" "--remote-allow-hosts" "localhost" "-no-remote" "-profile" "/tmp/rust_mozprofile6zeyPr"
*** You are running in headless mode.
Gtk-Message: 19:31:29.968: Failed to load module "appmenu-gtk-module"
Gtk-Message: 19:31:29.969: Failed to load module "canberra-gtk-module"
[GFX1-]: glxtest: VA-API test failed: failed to initialise VAAPI connection.
1664281890266	Marionette	INFO	Marionette enabled
1664281890268	Marionette	INFO	Listening on port 37249
WebDriver BiDi listening on ws://127.0.0.1:57681
Read port: 37249
1664281890445	RemoteAgent	WARN	TLS certificate errors will be ignored for this session
[GFX1-]: RenderCompositorSWGL failed mapping default framebuffer, no dt
console.warn: SearchSettings: "get: No settings file exists, new profile?" (new NotFoundError("Could not open the file at /tmp/rust_mozprofile6zeyPr/search.json.mozlz4", (void 0)))
Missing chrome or resource URL: resource://gre/modules/UpdateListener.sys.mjs
DevTools listening on ws://127.0.0.1:57681/devtools/browser/13cfe82c-646d-4364-84ac-283f08c2b08d
Exiting due to channel error.
Exiting due to channel error.
Exiting due to channel error.
1664197922894	geckodriver	INFO	Listening on 127.0.0.1:58879
1664197923339	mozrunner::runner	INFO	Running command: "/snap/firefox/current/firefox.launcher" "--marionette" "--headless" "--remote-debugging-port" "40535" "--remote-allow-hosts" "localhost" "-no-remote" "-profile" "/tmp/rust_mozprofilez1koqs"
*** You are running in headless mode.
Gtk-Message: 20:12:03.379: Failed to load module "appmenu-gtk-module"
Gtk-Message: 20:12:03.380: Failed to load module "canberra-gtk-module"
[GFX1-]: glxtest: VA-API test failed: failed to initialise VAAPI connection.
1664197923605	Marionette	INFO	Marionette enabled
1664197923608	Marionette	INFO	Listening on port 46313
Read port: 46313
WebDriver BiDi listening on ws://127.0.0.1:40535
1664197923678	RemoteAgent	WARN	TLS certificate errors will be ignored for this session
[GFX1-]: RenderCompositorSWGL failed mapping default framebuffer, no dt
console.warn: SearchSettings: "get: No settings file exists, new profile?" (new NotFoundError("Could not open the file at /tmp/rust_mozprofilez1koqs/search.json.mozlz4", (void 0)))
Missing chrome or resource URL: resource://gre/modules/UpdateListener.sys.mjs
DevTools listening on ws://127.0.0.1:40535/devtools/browser/7d476a5e-95b3-4f40-8182-f3af51b25970
JavaScript warning: https://ajax.googleapis.com/ajax/libs/jquery/1.10.2/jquery.min.js, line 2: Using //@ to indicate sourceMappingURL pragmas is deprecated. Use //# instead
JavaScript error: https://aflt.market.yandex.ru/widget/script/api, line 4: Error: Element with id(marketWidget) not found in DOM!
JavaScript error: https://aflt.market.yandex.ru/widget/script/api, line 4: ChunkLoadError: Loading chunk 56 failed.
(error: https://yastatic.net/s3/market-static/affiliate/b08913d2be922c2ac870.chunk.js)
JavaScript warning: https://ajax.googleapis.com/ajax/libs/jquery/1.10.2/jquery.min.js, line 2: Using //@ to indicate sourceMappingURL pragmas is deprecated. Use //# instead
JavaScript error: https://aflt.market.yandex.ru/widget/script/api, line 4: Error: Element with id(marketWidget) not found in DOM!
1664197955116	Marionette	INFO	Stopped listening on port 46313
Missing chrome or resource URL: resource://gre/modules/UpdateListener.sys.mjs
console.error: "Error during quit-application-granted: [Exception... \"File error: Not found\"  nsresult: \"0x80520012 (NS_ERROR_FILE_NOT_FOUND)\"  location: \"JS frame :: resource:///modules/BrowserGlue.jsm :: _onQuitApplicationGranted/tasks< :: line 2009\"  data: no]"
Sandbox: Unexpected EOF, op 0 flags 00 path /proc/cpuinfo
update.go:85: cannot change mount namespace according to change mount (/var/lib/snapd/hostfs/usr/share/cups/doc-root /usr/share/cups/doc-root none bind,ro 0 0): cannot create directory "/usr/share/cups/doc-root": permission denied
update.go:85: cannot change mount namespace according to change mount (/var/lib/snapd/hostfs/usr/share/gimp/2.0/help /usr/share/gimp/2.0/help none bind,ro 0 0): cannot create directory "/usr/share/gimp/2.0": permission denied
update.go:85: cannot change mount namespace according to change mount (/var/lib/snapd/hostfs/usr/share/libreoffice/help /usr/share/libreoffice/help none bind,ro 0 0): cannot create directory "/usr/share/libreoffice/help": permission denied
update.go:85: cannot change mount namespace according to change mount (/var/lib/snapd/hostfs/usr/share/xubuntu-docs /usr/share/xubuntu-docs none bind,ro 0 0): cannot open directory "/var/lib": permission denied
1664286807281	geckodriver	INFO	Listening on 127.0.0.1:60693
1664286807678	mozrunner::runner	INFO	Running command: "/snap/firefox/current/firefox.launcher" "--marionette" "--headless" "--remote-debugging-port" "50135" "--remote-allow-hosts" "localhost" "-no-remote" "-profile" "/tmp/rust_mozprofileQY7hVr"
*** You are running in headless mode.
Gtk-Message: 20:53:27.697: Failed to load module "appmenu-gtk-module"
Gtk-Message: 20:53:27.698: Failed to load module "canberra-gtk-module"
[GFX1-]: glxtest: VA-API test failed: failed to initialise VAAPI connection.
1664286808281	Marionette	INFO	Marionette enabled
1664286808285	Marionette	INFO	Listening on port 34037
WebDriver BiDi listening on ws://127.0.0.1:50135
Read port: 34037
1664286808522	RemoteAgent	WARN	TLS certificate errors will be ignored for this session
[GFX1-]: RenderCompositorSWGL failed mapping default framebuffer, no dt
console.warn: SearchSettings: "get: No settings file exists, new profile?" (new NotFoundError("Could not open the file at /tmp/rust_mozprofileQY7hVr/search.json.mozlz4", (void 0)))
Missing chrome or resource URL: resource://gre/modules/UpdateListener.sys.mjs
DevTools listening on ws://127.0.0.1:50135/devtools/browser/ff3ff3e0-c1ae-4d71-a9da-dd7452aec870
JavaScript warning: https://ajax.googleapis.com/ajax/libs/jquery/1.10.2/jquery.min.js, line 2: Using //@ to indicate sourceMappingURL pragmas is deprecated. Use //# instead
JavaScript error: https://aflt.market.yandex.ru/widget/script/api, line 4: Error: Element with id(marketWidget) not found in DOM!
JavaScript error: https://aflt.market.yandex.ru/widget/script/api, line 4: ChunkLoadError: Loading chunk 56 failed.
(error: https://yastatic.net/s3/market-static/affiliate/b08913d2be922c2ac870.chunk.js)
JavaScript warning: https://ajax.googleapis.com/ajax/libs/jquery/1.10.2/jquery.min.js, line 2: Using //@ to indicate sourceMappingURL pragmas is deprecated. Use //# instead
JavaScript error: https://aflt.market.yandex.ru/widget/script/api, line 4: Error: Element with id(marketWidget) not found in DOM!
Exiting due to channel error.
Exiting due to channel error.
Exiting due to channel error.
1664286857470	geckodriver	INFO	Listening on 127.0.0.1:37987
1664286857471	geckodriver	INFO	Listening on 127.0.0.1:50423
1664286857935	mozrunner::runner	INFO	Running command: "/snap/firefox/current/firefox.launcher" "--marionette" "--headless" "--remote-debugging-port" "35963" "--remote-allow-hosts" "localhost" "-no-remote" "-profile" "/tmp/rust_mozprofileVaqCir"
1664286857956	mozrunner::runner	INFO	Running command: "/snap/firefox/current/firefox.launcher" "--marionette" "--headless" "--remote-debugging-port" "32953" "--remote-allow-hosts" "localhost" "-no-remote" "-profile" "/tmp/rust_mozprofileF4dI4t"
*** You are running in headless mode.
Gtk-Message: 20:54:17.977: Failed to load module "appmenu-gtk-module"
Gtk-Message: 20:54:17.978: Failed to load module "canberra-gtk-module"
*** You are running in headless mode.
Gtk-Message: 20:54:17.981: Failed to load module "appmenu-gtk-module"
Gtk-Message: 20:54:17.982: Failed to load module "canberra-gtk-module"
[GFX1-]: glxtest: VA-API test failed: failed to initialise VAAPI connection.
[GFX1-]: glxtest: VA-API test failed: failed to initialise VAAPI connection.
1664286858217	Marionette	INFO	Marionette enabled
1664286858218	Marionette	INFO	Marionette enabled
1664286858220	Marionette	INFO	Listening on port 45375
1664286858221	Marionette	INFO	Listening on port 41359
Read port: 45375
Read port: 41359
WebDriver BiDi listening on ws://127.0.0.1:35963
WebDriver BiDi listening on ws://127.0.0.1:32953
1664286858295	RemoteAgent	WARN	TLS certificate errors will be ignored for this session
1664286858295	RemoteAgent	WARN	TLS certificate errors will be ignored for this session
[GFX1-]: RenderCompositorSWGL failed mapping default framebuffer, no dt
[GFX1-]: RenderCompositorSWGL failed mapping default framebuffer, no dt
console.warn: SearchSettings: "get: No settings file exists, new profile?" (new NotFoundError("Could not open the file at /tmp/rust_mozprofileF4dI4t/search.json.mozlz4", (void 0)))
console.warn: SearchSettings: "get: No settings file exists, new profile?" (new NotFoundError("Could not open the file at /tmp/rust_mozprofileVaqCir/search.json.mozlz4", (void 0)))
Missing chrome or resource URL: resource://gre/modules/UpdateListener.sys.mjs
Missing chrome or resource URL: resource://gre/modules/UpdateListener.sys.mjs
DevTools listening on ws://127.0.0.1:32953/devtools/browser/5cf1af63-696d-4a28-9be2-2fb2604e55f8
DevTools listening on ws://127.0.0.1:35963/devtools/browser/de1ed4ed-138f-4c84-97c8-517ccbdf02c8
JavaScript warning: https://st4-16.vk.com/dist/web/grip.7ada28367f5da83dade5.js?9a82c4e69693912d9eda2383ea31b2f8, line 1: WEBGL_debug_renderer_info is deprecated in Firefox and will be removed. Please use RENDERER.
JavaScript warning: https://st4-16.vk.com/dist/web/grip.7ada28367f5da83dade5.js?9a82c4e69693912d9eda2383ea31b2f8, line 1: WEBGL_debug_renderer_info is deprecated in Firefox and will be removed. Please use RENDERER.
JavaScript warning: https://ajax.googleapis.com/ajax/libs/jquery/1.10.2/jquery.min.js, line 2: Using //@ to indicate sourceMappingURL pragmas is deprecated. Use //# instead
JavaScript error: https://aflt.market.yandex.ru/widget/script/api, line 4: Error: Element with id(marketWidget) not found in DOM!
JavaScript error: https://aflt.market.yandex.ru/widget/script/api, line 4: ChunkLoadError: Loading chunk 56 failed.
(error: https://yastatic.net/s3/market-static/affiliate/b08913d2be922c2ac870.chunk.js)
JavaScript warning: https://ajax.googleapis.com/ajax/libs/jquery/1.10.2/jquery.min.js, line 2: Using //@ to indicate sourceMappingURL pragmas is deprecated. Use //# instead
JavaScript error: https://aflt.market.yandex.ru/widget/script/api, line 4: Error: Element with id(marketWidget) not found in DOM!
1664286866507	Marionette	INFO	Stopped listening on port 41359
Missing chrome or resource URL: resource://gre/modules/UpdateListener.sys.mjs
console.error: "Error during quit-application-granted: [Exception... \"File error: Not found\"  nsresult: \"0x80520012 (NS_ERROR_FILE_NOT_FOUND)\"  location: \"JS frame :: resource:///modules/BrowserGlue.jsm :: _onQuitApplicationGranted/tasks< :: line 2009\"  data: no]"
1664286889437	Marionette	INFO	Stopped listening on port 45375
Missing chrome or resource URL: resource://gre/modules/UpdateListener.sys.mjs
console.error: "Error during quit-application-granted: [Exception... \"File error: Not found\"  nsresult: \"0x80520012 (NS_ERROR_FILE_NOT_FOUND)\"  location: \"JS frame :: resource:///modules/BrowserGlue.jsm :: _onQuitApplicationGranted/tasks< :: line 2009\"  data: no]"
